This file contains any messages produced by compilers while
running configure, to aid debugging if configure makes a mistake.

It was created by stressapptest configure 1.0.9_autoconf, which was
generated by GNU Autoconf 2.69.  Invocation command line was

  $ ./configure 

## --------- ##
## Platform. ##
## --------- ##

hostname = pudu
uname -m = x86_64
uname -r = 5.8.0-59-generic
uname -s = Linux
uname -v = #66~20.04.1-Ubuntu SMP Thu Jun 17 11:14:10 UTC 2021

/usr/bin/uname -p = x86_64
/bin/uname -X     = unknown

/bin/arch              = x86_64
/usr/bin/arch -k       = unknown
/usr/convex/getsysinfo = unknown
/usr/bin/hostinfo      = unknown
/bin/machine           = unknown
/usr/bin/oslevel       = unknown
/bin/universe          = unknown

PATH: /home/zsy/bin
PATH: /usr/local/sbin
PATH: /usr/local/bin
PATH: /usr/sbin
PATH: /usr/bin
PATH: /sbin
PATH: /bin
PATH: /usr/games
PATH: /usr/local/games
PATH: /snap/bin


## ----------- ##
## Core tests. ##
## ----------- ##

configure:2379: Compiling with dynamically linked libraries.
configure:2416: checking build system type
configure:2430: result: x86_64-pc-linux-gnu
configure:2450: checking host system type
configure:2463: result: x86_64-pc-linux-gnu
configure:2581: checking for a BSD-compatible install
configure:2649: result: /usr/bin/install -c
configure:2660: checking whether build environment is sane
configure:2710: result: yes
configure:2851: checking for a thread-safe mkdir -p
configure:2890: result: /usr/bin/mkdir -p
configure:2903: checking for gawk
configure:2933: result: no
configure:2903: checking for mawk
configure:2919: found /usr/bin/mawk
configure:2930: result: mawk
configure:2941: checking whether make sets $(MAKE)
configure:2963: result: yes
configure:3109: checking for g++
configure:3125: found /usr/bin/g++
configure:3136: result: g++
configure:3163: checking for C++ compiler version
configure:3172: g++ --version >&5
g++ (Ubuntu 9.3.0-17ubuntu1~20.04) 9.3.0
Copyright (C) 2019 Free Software Foundation, Inc.
This is free software; see the source for copying conditions.  There is NO
warranty; not even for MERCHANTABILITY or FITNESS FOR A PARTICULAR PURPOSE.

configure:3183: $? = 0
configure:3172: g++ -v >&5
Using built-in specs.
COLLECT_GCC=g++
COLLECT_LTO_WRAPPER=/usr/lib/gcc/x86_64-linux-gnu/9/lto-wrapper
OFFLOAD_TARGET_NAMES=nvptx-none:hsa
OFFLOAD_TARGET_DEFAULT=1
Target: x86_64-linux-gnu
Configured with: ../src/configure -v --with-pkgversion='Ubuntu 9.3.0-17ubuntu1~20.04' --with-bugurl=file:///usr/share/doc/gcc-9/README.Bugs --enable-languages=c,ada,c++,go,brig,d,fortran,objc,obj-c++,gm2 --prefix=/usr --with-gcc-major-version-only --program-suffix=-9 --program-prefix=x86_64-linux-gnu- --enable-shared --enable-linker-build-id --libexecdir=/usr/lib --without-included-gettext --enable-threads=posix --libdir=/usr/lib --enable-nls --enable-clocale=gnu --enable-libstdcxx-debug --enable-libstdcxx-time=yes --with-default-libstdcxx-abi=new --enable-gnu-unique-object --disable-vtable-verify --enable-plugin --enable-default-pie --with-system-zlib --with-target-system-zlib=auto --enable-objc-gc=auto --enable-multiarch --disable-werror --with-arch-32=i686 --with-abi=m64 --with-multilib-list=m32,m64,mx32 --enable-multilib --with-tune=generic --enable-offload-targets=nvptx-none=/build/gcc-9-HskZEa/gcc-9-9.3.0/debian/tmp-nvptx/usr,hsa --without-cuda-driver --enable-checking=release --build=x86_64-linux-gnu --host=x86_64-linux-gnu --target=x86_64-linux-gnu
Thread model: posix
gcc version 9.3.0 (Ubuntu 9.3.0-17ubuntu1~20.04) 
configure:3183: $? = 0
configure:3172: g++ -V >&5
g++: error: unrecognized command line option '-V'
g++: fatal error: no input files
compilation terminated.
configure:3183: $? = 1
configure:3172: g++ -qversion >&5
g++: error: unrecognized command line option '-qversion'; did you mean '--version'?
g++: fatal error: no input files
compilation terminated.
configure:3183: $? = 1
configure:3203: checking whether the C++ compiler works
configure:3225: g++    conftest.cpp  >&5
configure:3229: $? = 0
configure:3277: result: yes
configure:3280: checking for C++ compiler default output file name
configure:3282: result: a.out
configure:3288: checking for suffix of executables
configure:3295: g++ -o conftest    conftest.cpp  >&5
configure:3299: $? = 0
configure:3321: result: 
configure:3343: checking whether we are cross compiling
configure:3351: g++ -o conftest    conftest.cpp  >&5
configure:3355: $? = 0
configure:3362: ./conftest
configure:3366: $? = 0
configure:3354: result: no
configure:3359: checking for suffix of object files
configure:3381: g++ -c   conftest.cpp >&5
configure:3385: $? = 0
configure:3406: result: o
configure:3410: checking whether we are using the GNU C++ compiler
configure:3429: g++ -c   conftest.cpp >&5
configure:3429: $? = 0
configure:3438: result: yes
configure:3447: checking whether g++ accepts -g
configure:3467: g++ -c -g  conftest.cpp >&5
configure:3467: $? = 0
configure:3508: result: yes
configure:3542: checking for style of include used by make
configure:3570: result: GNU
configure:3595: checking dependency style of g++
configure:3705: result: gcc3
configure:3768: checking for gcc
configure:3784: found /usr/bin/gcc
configure:3795: result: gcc
configure:4024: checking for C compiler version
configure:4033: gcc --version >&5
gcc (Ubuntu 9.3.0-17ubuntu1~20.04) 9.3.0
Copyright (C) 2019 Free Software Foundation, Inc.
This is free software; see the source for copying conditions.  There is NO
warranty; not even for MERCHANTABILITY or FITNESS FOR A PARTICULAR PURPOSE.

configure:4044: $? = 0
configure:4033: gcc -v >&5
Using built-in specs.
COLLECT_GCC=gcc
COLLECT_LTO_WRAPPER=/usr/lib/gcc/x86_64-linux-gnu/9/lto-wrapper
OFFLOAD_TARGET_NAMES=nvptx-none:hsa
OFFLOAD_TARGET_DEFAULT=1
Target: x86_64-linux-gnu
Configured with: ../src/configure -v --with-pkgversion='Ubuntu 9.3.0-17ubuntu1~20.04' --with-bugurl=file:///usr/share/doc/gcc-9/README.Bugs --enable-languages=c,ada,c++,go,brig,d,fortran,objc,obj-c++,gm2 --prefix=/usr --with-gcc-major-version-only --program-suffix=-9 --program-prefix=x86_64-linux-gnu- --enable-shared --enable-linker-build-id --libexecdir=/usr/lib --without-included-gettext --enable-threads=posix --libdir=/usr/lib --enable-nls --enable-clocale=gnu --enable-libstdcxx-debug --enable-libstdcxx-time=yes --with-default-libstdcxx-abi=new --enable-gnu-unique-object --disable-vtable-verify --enable-plugin --enable-default-pie --with-system-zlib --with-target-system-zlib=auto --enable-objc-gc=auto --enable-multiarch --disable-werror --with-arch-32=i686 --with-abi=m64 --with-multilib-list=m32,m64,mx32 --enable-multilib --with-tune=generic --enable-offload-targets=nvptx-none=/build/gcc-9-HskZEa/gcc-9-9.3.0/debian/tmp-nvptx/usr,hsa --without-cuda-driver --enable-checking=release --build=x86_64-linux-gnu --host=x86_64-linux-gnu --target=x86_64-linux-gnu
Thread model: posix
gcc version 9.3.0 (Ubuntu 9.3.0-17ubuntu1~20.04) 
configure:4044: $? = 0
configure:4033: gcc -V >&5
gcc: error: unrecognized command line option '-V'
gcc: fatal error: no input files
compilation terminated.
configure:4044: $? = 1
configure:4033: gcc -qversion >&5
gcc: error: unrecognized command line option '-qversion'; did you mean '--version'?
gcc: fatal error: no input files
compilation terminated.
configure:4044: $? = 1
configure:4048: checking whether we are using the GNU C compiler
configure:4067: gcc -c   conftest.c >&5
configure:4067: $? = 0
configure:4076: result: yes
configure:4085: checking whether gcc accepts -g
configure:4105: gcc -c -g  conftest.c >&5
configure:4105: $? = 0
configure:4146: result: yes
configure:4163: checking for gcc option to accept ISO C89
configure:4226: gcc  -c -g -O2  conftest.c >&5
configure:4226: $? = 0
configure:4239: result: none needed
configure:4261: checking dependency style of gcc
configure:4371: result: gcc3
configure:4389: checking user ID
configure:4391: result: zsy
configure:4395: checking host name
configure:4397: result: pudu
configure:4401: checking current timestamp
configure:4403: result: Tue Jan 25 15:32:46 CST 2022
configure:4431: checking for dirent.h that defines DIR
configure:4450: gcc -c -g -O2  conftest.c >&5
configure:4450: $? = 0
configure:4458: result: yes
configure:4471: checking for library containing opendir
configure:4502: gcc -o conftest -g -O2   conftest.c  >&5
configure:4502: $? = 0
configure:4519: result: none required
configure:4591: checking how to run the C preprocessor
configure:4622: gcc -E  conftest.c
configure:4622: $? = 0
configure:4636: gcc -E  conftest.c
conftest.c:15:10: fatal error: ac_nonexistent.h: No such file or directory
   15 | #include <ac_nonexistent.h>
      |          ^~~~~~~~~~~~~~~~~~
compilation terminated.
configure:4636: $? = 1
configure: failed program was:
| /* confdefs.h */
| #define PACKAGE_NAME "stressapptest"
| #define PACKAGE_TARNAME "stressapptest"
| #define PACKAGE_VERSION "1.0.9_autoconf"
| #define PACKAGE_STRING "stressapptest 1.0.9_autoconf"
| #define PACKAGE_BUGREPORT "opensource@google.com"
| #define PACKAGE_URL ""
| #define STRESSAPPTEST_CPU_X86_64 /**/
| #define STRESSAPPTEST_OS_LINUX /**/
| #define PACKAGE "stressapptest"
| #define VERSION "1.0.9_autoconf"
| #define STRESSAPPTEST_TIMESTAMP "zsy @ pudu on Tue Jan 25 15:32:46 CST 2022"
| #define HAVE_DIRENT_H 1
| /* end confdefs.h.  */
| #include <ac_nonexistent.h>
configure:4661: result: gcc -E
configure:4681: gcc -E  conftest.c
configure:4681: $? = 0
configure:4695: gcc -E  conftest.c
conftest.c:15:10: fatal error: ac_nonexistent.h: No such file or directory
   15 | #include <ac_nonexistent.h>
      |          ^~~~~~~~~~~~~~~~~~
compilation terminated.
configure:4695: $? = 1
configure: failed program was:
| /* confdefs.h */
| #define PACKAGE_NAME "stressapptest"
| #define PACKAGE_TARNAME "stressapptest"
| #define PACKAGE_VERSION "1.0.9_autoconf"
| #define PACKAGE_STRING "stressapptest 1.0.9_autoconf"
| #define PACKAGE_BUGREPORT "opensource@google.com"
| #define PACKAGE_URL ""
| #define STRESSAPPTEST_CPU_X86_64 /**/
| #define STRESSAPPTEST_OS_LINUX /**/
| #define PACKAGE "stressapptest"
| #define VERSION "1.0.9_autoconf"
| #define STRESSAPPTEST_TIMESTAMP "zsy @ pudu on Tue Jan 25 15:32:46 CST 2022"
| #define HAVE_DIRENT_H 1
| /* end confdefs.h.  */
| #include <ac_nonexistent.h>
configure:4724: checking for grep that handles long lines and -e
configure:4782: result: /usr/bin/grep
configure:4787: checking for egrep
configure:4849: result: /usr/bin/grep -E
configure:4854: checking for ANSI C header files
configure:4874: gcc -c -g -O2  conftest.c >&5
configure:4874: $? = 0
configure:4947: gcc -o conftest -g -O2   conftest.c  >&5
configure:4947: $? = 0
configure:4947: ./conftest
configure:4947: $? = 0
configure:4958: result: yes
configure:4972: checking for sys/types.h
configure:4972: gcc -c -g -O2  conftest.c >&5
configure:4972: $? = 0
configure:4972: result: yes
configure:4972: checking for sys/stat.h
configure:4972: gcc -c -g -O2  conftest.c >&5
configure:4972: $? = 0
configure:4972: result: yes
configure:4972: checking for stdlib.h
configure:4972: gcc -c -g -O2  conftest.c >&5
configure:4972: $? = 0
configure:4972: result: yes
configure:4972: checking for string.h
configure:4972: gcc -c -g -O2  conftest.c >&5
configure:4972: $? = 0
configure:4972: result: yes
configure:4972: checking for memory.h
configure:4972: gcc -c -g -O2  conftest.c >&5
configure:4972: $? = 0
configure:4972: result: yes
configure:4972: checking for strings.h
configure:4972: gcc -c -g -O2  conftest.c >&5
configure:4972: $? = 0
configure:4972: result: yes
configure:4972: checking for inttypes.h
configure:4972: gcc -c -g -O2  conftest.c >&5
configure:4972: $? = 0
configure:4972: result: yes
configure:4972: checking for stdint.h
configure:4972: gcc -c -g -O2  conftest.c >&5
configure:4972: $? = 0
configure:4972: result: yes
configure:4972: checking for unistd.h
configure:4972: gcc -c -g -O2  conftest.c >&5
configure:4972: $? = 0
configure:4972: result: yes
configure:4987: checking arpa/inet.h usability
configure:4987: gcc -c -g -O2  conftest.c >&5
configure:4987: $? = 0
configure:4987: result: yes
configure:4987: checking arpa/inet.h presence
configure:4987: gcc -E  conftest.c
configure:4987: $? = 0
configure:4987: result: yes
configure:4987: checking for arpa/inet.h
configure:4987: result: yes
configure:4987: checking fcntl.h usability
configure:4987: gcc -c -g -O2  conftest.c >&5
configure:4987: $? = 0
configure:4987: result: yes
configure:4987: checking fcntl.h presence
configure:4987: gcc -E  conftest.c
configure:4987: $? = 0
configure:4987: result: yes
configure:4987: checking for fcntl.h
configure:4987: result: yes
configure:4987: checking netdb.h usability
configure:4987: gcc -c -g -O2  conftest.c >&5
configure:4987: $? = 0
configure:4987: result: yes
configure:4987: checking netdb.h presence
configure:4987: gcc -E  conftest.c
configure:4987: $? = 0
configure:4987: result: yes
configure:4987: checking for netdb.h
configure:4987: result: yes
configure:4987: checking for stdint.h
configure:4987: result: yes
configure:4987: checking for stdlib.h
configure:4987: result: yes
configure:4987: checking for string.h
configure:4987: result: yes
configure:4987: checking sys/ioctl.h usability
configure:4987: gcc -c -g -O2  conftest.c >&5
configure:4987: $? = 0
configure:4987: result: yes
configure:4987: checking sys/ioctl.h presence
configure:4987: gcc -E  conftest.c
configure:4987: $? = 0
configure:4987: result: yes
configure:4987: checking for sys/ioctl.h
configure:4987: result: yes
configure:4987: checking sys/socket.h usability
configure:4987: gcc -c -g -O2  conftest.c >&5
configure:4987: $? = 0
configure:4987: result: yes
configure:4987: checking sys/socket.h presence
configure:4987: gcc -E  conftest.c
configure:4987: $? = 0
configure:4987: result: yes
configure:4987: checking for sys/socket.h
configure:4987: result: yes
configure:4987: checking sys/time.h usability
configure:4987: gcc -c -g -O2  conftest.c >&5
configure:4987: $? = 0
configure:4987: result: yes
configure:4987: checking sys/time.h presence
configure:4987: gcc -E  conftest.c
configure:4987: $? = 0
configure:4987: result: yes
configure:4987: checking for sys/time.h
configure:4987: result: yes
configure:4987: checking for unistd.h
configure:4987: result: yes
configure:5004: checking pthread.h usability
configure:5004: gcc -c -g -O2  conftest.c >&5
configure:5004: $? = 0
configure:5004: result: yes
configure:5004: checking pthread.h presence
configure:5004: gcc -E  conftest.c
configure:5004: $? = 0
configure:5004: result: yes
configure:5004: checking for pthread.h
configure:5004: result: yes
configure:5014: checking for library containing pthread_create
configure:5045: gcc -o conftest -g -O2   conftest.c  >&5
/usr/bin/ld: /tmp/cc2xspZ2.o: in function `main':
/home/zsy/zsy/tool/stressapptest/conftest.c:47: undefined reference to `pthread_create'
collect2: error: ld returned 1 exit status
configure:5045: $? = 1
configure: failed program was:
| /* confdefs.h */
| #define PACKAGE_NAME "stressapptest"
| #define PACKAGE_TARNAME "stressapptest"
| #define PACKAGE_VERSION "1.0.9_autoconf"
| #define PACKAGE_STRING "stressapptest 1.0.9_autoconf"
| #define PACKAGE_BUGREPORT "opensource@google.com"
| #define PACKAGE_URL ""
| #define STRESSAPPTEST_CPU_X86_64 /**/
| #define STRESSAPPTEST_OS_LINUX /**/
| #define PACKAGE "stressapptest"
| #define VERSION "1.0.9_autoconf"
| #define STRESSAPPTEST_TIMESTAMP "zsy @ pudu on Tue Jan 25 15:32:46 CST 2022"
| #define HAVE_DIRENT_H 1
| #define STDC_HEADERS 1
| #define HAVE_SYS_TYPES_H 1
| #define HAVE_SYS_STAT_H 1
| #define HAVE_STDLIB_H 1
| #define HAVE_STRING_H 1
| #define HAVE_MEMORY_H 1
| #define HAVE_STRINGS_H 1
| #define HAVE_INTTYPES_H 1
| #define HAVE_STDINT_H 1
| #define HAVE_UNISTD_H 1
| #define HAVE_ARPA_INET_H 1
| #define HAVE_FCNTL_H 1
| #define HAVE_NETDB_H 1
| #define HAVE_STDINT_H 1
| #define HAVE_STDLIB_H 1
| #define HAVE_STRING_H 1
| #define HAVE_SYS_IOCTL_H 1
| #define HAVE_SYS_SOCKET_H 1
| #define HAVE_SYS_TIME_H 1
| #define HAVE_UNISTD_H 1
| #define HAVE_PTHREAD_H 1
| /* end confdefs.h.  */
| 
| /* Override any GCC internal prototype to avoid an error.
|    Use char because int might match the return type of a GCC
|    builtin and then its argument prototype would still apply.  */
| #ifdef __cplusplus
| extern "C"
| #endif
| char pthread_create ();
| int
| main ()
| {
| return pthread_create ();
|   ;
|   return 0;
| }
configure:5045: gcc -o conftest -g -O2   conftest.c -lpthread   >&5
configure:5045: $? = 0
configure:5062: result: -lpthread
configure:5070: checking for pthread_barrier_t
configure:5070: gcc -c -g -O2  conftest.c >&5
configure:5070: $? = 0
configure:5070: gcc -c -g -O2  conftest.c >&5
conftest.c: In function 'main':
conftest.c:72:32: error: expected expression before ')' token
   72 | if (sizeof ((pthread_barrier_t)))
      |                                ^
configure:5070: $? = 1
configure: failed program was:
| /* confdefs.h */
| #define PACKAGE_NAME "stressapptest"
| #define PACKAGE_TARNAME "stressapptest"
| #define PACKAGE_VERSION "1.0.9_autoconf"
| #define PACKAGE_STRING "stressapptest 1.0.9_autoconf"
| #define PACKAGE_BUGREPORT "opensource@google.com"
| #define PACKAGE_URL ""
| #define STRESSAPPTEST_CPU_X86_64 /**/
| #define STRESSAPPTEST_OS_LINUX /**/
| #define PACKAGE "stressapptest"
| #define VERSION "1.0.9_autoconf"
| #define STRESSAPPTEST_TIMESTAMP "zsy @ pudu on Tue Jan 25 15:32:46 CST 2022"
| #define HAVE_DIRENT_H 1
| #define STDC_HEADERS 1
| #define HAVE_SYS_TYPES_H 1
| #define HAVE_SYS_STAT_H 1
| #define HAVE_STDLIB_H 1
| #define HAVE_STRING_H 1
| #define HAVE_MEMORY_H 1
| #define HAVE_STRINGS_H 1
| #define HAVE_INTTYPES_H 1
| #define HAVE_STDINT_H 1
| #define HAVE_UNISTD_H 1
| #define HAVE_ARPA_INET_H 1
| #define HAVE_FCNTL_H 1
| #define HAVE_NETDB_H 1
| #define HAVE_STDINT_H 1
| #define HAVE_STDLIB_H 1
| #define HAVE_STRING_H 1
| #define HAVE_SYS_IOCTL_H 1
| #define HAVE_SYS_SOCKET_H 1
| #define HAVE_SYS_TIME_H 1
| #define HAVE_UNISTD_H 1
| #define HAVE_PTHREAD_H 1
| /* end confdefs.h.  */
| #include <stdio.h>
| #ifdef HAVE_SYS_TYPES_H
| # include <sys/types.h>
| #endif
| #ifdef HAVE_SYS_STAT_H
| # include <sys/stat.h>
| #endif
| #ifdef STDC_HEADERS
| # include <stdlib.h>
| # include <stddef.h>
| #else
| # ifdef HAVE_STDLIB_H
| #  include <stdlib.h>
| # endif
| #endif
| #ifdef HAVE_STRING_H
| # if !defined STDC_HEADERS && defined HAVE_MEMORY_H
| #  include <memory.h>
| # endif
| # include <string.h>
| #endif
| #ifdef HAVE_STRINGS_H
| # include <strings.h>
| #endif
| #ifdef HAVE_INTTYPES_H
| # include <inttypes.h>
| #endif
| #ifdef HAVE_STDINT_H
| # include <stdint.h>
| #endif
| #ifdef HAVE_UNISTD_H
| # include <unistd.h>
| #endif
| int
| main ()
| {
| if (sizeof ((pthread_barrier_t)))
| 	    return 0;
|   ;
|   return 0;
| }
configure:5070: result: yes
configure:5079: checking libaio.h usability
configure:5079: gcc -c -g -O2  conftest.c >&5
conftest.c:70:10: fatal error: libaio.h: No such file or directory
   70 | #include <libaio.h>
      |          ^~~~~~~~~~
compilation terminated.
configure:5079: $? = 1
configure: failed program was:
| /* confdefs.h */
| #define PACKAGE_NAME "stressapptest"
| #define PACKAGE_TARNAME "stressapptest"
| #define PACKAGE_VERSION "1.0.9_autoconf"
| #define PACKAGE_STRING "stressapptest 1.0.9_autoconf"
| #define PACKAGE_BUGREPORT "opensource@google.com"
| #define PACKAGE_URL ""
| #define STRESSAPPTEST_CPU_X86_64 /**/
| #define STRESSAPPTEST_OS_LINUX /**/
| #define PACKAGE "stressapptest"
| #define VERSION "1.0.9_autoconf"
| #define STRESSAPPTEST_TIMESTAMP "zsy @ pudu on Tue Jan 25 15:32:46 CST 2022"
| #define HAVE_DIRENT_H 1
| #define STDC_HEADERS 1
| #define HAVE_SYS_TYPES_H 1
| #define HAVE_SYS_STAT_H 1
| #define HAVE_STDLIB_H 1
| #define HAVE_STRING_H 1
| #define HAVE_MEMORY_H 1
| #define HAVE_STRINGS_H 1
| #define HAVE_INTTYPES_H 1
| #define HAVE_STDINT_H 1
| #define HAVE_UNISTD_H 1
| #define HAVE_ARPA_INET_H 1
| #define HAVE_FCNTL_H 1
| #define HAVE_NETDB_H 1
| #define HAVE_STDINT_H 1
| #define HAVE_STDLIB_H 1
| #define HAVE_STRING_H 1
| #define HAVE_SYS_IOCTL_H 1
| #define HAVE_SYS_SOCKET_H 1
| #define HAVE_SYS_TIME_H 1
| #define HAVE_UNISTD_H 1
| #define HAVE_PTHREAD_H 1
| #define HAVE_PTHREAD_BARRIERS 1
| /* end confdefs.h.  */
| #include <stdio.h>
| #ifdef HAVE_SYS_TYPES_H
| # include <sys/types.h>
| #endif
| #ifdef HAVE_SYS_STAT_H
| # include <sys/stat.h>
| #endif
| #ifdef STDC_HEADERS
| # include <stdlib.h>
| # include <stddef.h>
| #else
| # ifdef HAVE_STDLIB_H
| #  include <stdlib.h>
| # endif
| #endif
| #ifdef HAVE_STRING_H
| # if !defined STDC_HEADERS && defined HAVE_MEMORY_H
| #  include <memory.h>
| # endif
| # include <string.h>
| #endif
| #ifdef HAVE_STRINGS_H
| # include <strings.h>
| #endif
| #ifdef HAVE_INTTYPES_H
| # include <inttypes.h>
| #endif
| #ifdef HAVE_STDINT_H
| # include <stdint.h>
| #endif
| #ifdef HAVE_UNISTD_H
| # include <unistd.h>
| #endif
| #include <libaio.h>
configure:5079: result: no
configure:5079: checking libaio.h presence
configure:5079: gcc -E  conftest.c
conftest.c:37:10: fatal error: libaio.h: No such file or directory
   37 | #include <libaio.h>
      |          ^~~~~~~~~~
compilation terminated.
configure:5079: $? = 1
configure: failed program was:
| /* confdefs.h */
| #define PACKAGE_NAME "stressapptest"
| #define PACKAGE_TARNAME "stressapptest"
| #define PACKAGE_VERSION "1.0.9_autoconf"
| #define PACKAGE_STRING "stressapptest 1.0.9_autoconf"
| #define PACKAGE_BUGREPORT "opensource@google.com"
| #define PACKAGE_URL ""
| #define STRESSAPPTEST_CPU_X86_64 /**/
| #define STRESSAPPTEST_OS_LINUX /**/
| #define PACKAGE "stressapptest"
| #define VERSION "1.0.9_autoconf"
| #define STRESSAPPTEST_TIMESTAMP "zsy @ pudu on Tue Jan 25 15:32:46 CST 2022"
| #define HAVE_DIRENT_H 1
| #define STDC_HEADERS 1
| #define HAVE_SYS_TYPES_H 1
| #define HAVE_SYS_STAT_H 1
| #define HAVE_STDLIB_H 1
| #define HAVE_STRING_H 1
| #define HAVE_MEMORY_H 1
| #define HAVE_STRINGS_H 1
| #define HAVE_INTTYPES_H 1
| #define HAVE_STDINT_H 1
| #define HAVE_UNISTD_H 1
| #define HAVE_ARPA_INET_H 1
| #define HAVE_FCNTL_H 1
| #define HAVE_NETDB_H 1
| #define HAVE_STDINT_H 1
| #define HAVE_STDLIB_H 1
| #define HAVE_STRING_H 1
| #define HAVE_SYS_IOCTL_H 1
| #define HAVE_SYS_SOCKET_H 1
| #define HAVE_SYS_TIME_H 1
| #define HAVE_UNISTD_H 1
| #define HAVE_PTHREAD_H 1
| #define HAVE_PTHREAD_BARRIERS 1
| /* end confdefs.h.  */
| #include <libaio.h>
configure:5079: result: no
configure:5079: checking for libaio.h
configure:5079: result: no
configure:5089: checking for library containing io_setup
configure:5120: gcc -o conftest -g -O2   conftest.c -lpthread  >&5
/usr/bin/ld: /tmp/ccVk93aD.o: in function `main':
/home/zsy/zsy/tool/stressapptest/conftest.c:48: undefined reference to `io_setup'
collect2: error: ld returned 1 exit status
configure:5120: $? = 1
configure: failed program was:
| /* confdefs.h */
| #define PACKAGE_NAME "stressapptest"
| #define PACKAGE_TARNAME "stressapptest"
| #define PACKAGE_VERSION "1.0.9_autoconf"
| #define PACKAGE_STRING "stressapptest 1.0.9_autoconf"
| #define PACKAGE_BUGREPORT "opensource@google.com"
| #define PACKAGE_URL ""
| #define STRESSAPPTEST_CPU_X86_64 /**/
| #define STRESSAPPTEST_OS_LINUX /**/
| #define PACKAGE "stressapptest"
| #define VERSION "1.0.9_autoconf"
| #define STRESSAPPTEST_TIMESTAMP "zsy @ pudu on Tue Jan 25 15:32:46 CST 2022"
| #define HAVE_DIRENT_H 1
| #define STDC_HEADERS 1
| #define HAVE_SYS_TYPES_H 1
| #define HAVE_SYS_STAT_H 1
| #define HAVE_STDLIB_H 1
| #define HAVE_STRING_H 1
| #define HAVE_MEMORY_H 1
| #define HAVE_STRINGS_H 1
| #define HAVE_INTTYPES_H 1
| #define HAVE_STDINT_H 1
| #define HAVE_UNISTD_H 1
| #define HAVE_ARPA_INET_H 1
| #define HAVE_FCNTL_H 1
| #define HAVE_NETDB_H 1
| #define HAVE_STDINT_H 1
| #define HAVE_STDLIB_H 1
| #define HAVE_STRING_H 1
| #define HAVE_SYS_IOCTL_H 1
| #define HAVE_SYS_SOCKET_H 1
| #define HAVE_SYS_TIME_H 1
| #define HAVE_UNISTD_H 1
| #define HAVE_PTHREAD_H 1
| #define HAVE_PTHREAD_BARRIERS 1
| /* end confdefs.h.  */
| 
| /* Override any GCC internal prototype to avoid an error.
|    Use char because int might match the return type of a GCC
|    builtin and then its argument prototype would still apply.  */
| #ifdef __cplusplus
| extern "C"
| #endif
| char io_setup ();
| int
| main ()
| {
| return io_setup ();
|   ;
|   return 0;
| }
configure:5120: gcc -o conftest -g -O2   conftest.c -laio  -lpthread  >&5
/usr/bin/ld: cannot find -laio
collect2: error: ld returned 1 exit status
configure:5120: $? = 1
configure: failed program was:
| /* confdefs.h */
| #define PACKAGE_NAME "stressapptest"
| #define PACKAGE_TARNAME "stressapptest"
| #define PACKAGE_VERSION "1.0.9_autoconf"
| #define PACKAGE_STRING "stressapptest 1.0.9_autoconf"
| #define PACKAGE_BUGREPORT "opensource@google.com"
| #define PACKAGE_URL ""
| #define STRESSAPPTEST_CPU_X86_64 /**/
| #define STRESSAPPTEST_OS_LINUX /**/
| #define PACKAGE "stressapptest"
| #define VERSION "1.0.9_autoconf"
| #define STRESSAPPTEST_TIMESTAMP "zsy @ pudu on Tue Jan 25 15:32:46 CST 2022"
| #define HAVE_DIRENT_H 1
| #define STDC_HEADERS 1
| #define HAVE_SYS_TYPES_H 1
| #define HAVE_SYS_STAT_H 1
| #define HAVE_STDLIB_H 1
| #define HAVE_STRING_H 1
| #define HAVE_MEMORY_H 1
| #define HAVE_STRINGS_H 1
| #define HAVE_INTTYPES_H 1
| #define HAVE_STDINT_H 1
| #define HAVE_UNISTD_H 1
| #define HAVE_ARPA_INET_H 1
| #define HAVE_FCNTL_H 1
| #define HAVE_NETDB_H 1
| #define HAVE_STDINT_H 1
| #define HAVE_STDLIB_H 1
| #define HAVE_STRING_H 1
| #define HAVE_SYS_IOCTL_H 1
| #define HAVE_SYS_SOCKET_H 1
| #define HAVE_SYS_TIME_H 1
| #define HAVE_UNISTD_H 1
| #define HAVE_PTHREAD_H 1
| #define HAVE_PTHREAD_BARRIERS 1
| /* end confdefs.h.  */
| 
| /* Override any GCC internal prototype to avoid an error.
|    Use char because int might match the return type of a GCC
|    builtin and then its argument prototype would still apply.  */
| #ifdef __cplusplus
| extern "C"
| #endif
| char io_setup ();
| int
| main ()
| {
| return io_setup ();
|   ;
|   return 0;
| }
configure:5137: result: no
configure:5147: checking sys/shm.h usability
configure:5147: gcc -c -g -O2  conftest.c >&5
configure:5147: $? = 0
configure:5147: result: yes
configure:5147: checking sys/shm.h presence
configure:5147: gcc -E  conftest.c
configure:5147: $? = 0
configure:5147: result: yes
configure:5147: checking for sys/shm.h
configure:5147: result: yes
configure:5157: checking for library containing shm_open
configure:5188: gcc -o conftest -g -O2   conftest.c -lpthread  >&5
/usr/bin/ld: /tmp/ccNnR6nG.o: in function `main':
/home/zsy/zsy/tool/stressapptest/conftest.c:49: undefined reference to `shm_open'
collect2: error: ld returned 1 exit status
configure:5188: $? = 1
configure: failed program was:
| /* confdefs.h */
| #define PACKAGE_NAME "stressapptest"
| #define PACKAGE_TARNAME "stressapptest"
| #define PACKAGE_VERSION "1.0.9_autoconf"
| #define PACKAGE_STRING "stressapptest 1.0.9_autoconf"
| #define PACKAGE_BUGREPORT "opensource@google.com"
| #define PACKAGE_URL ""
| #define STRESSAPPTEST_CPU_X86_64 /**/
| #define STRESSAPPTEST_OS_LINUX /**/
| #define PACKAGE "stressapptest"
| #define VERSION "1.0.9_autoconf"
| #define STRESSAPPTEST_TIMESTAMP "zsy @ pudu on Tue Jan 25 15:32:46 CST 2022"
| #define HAVE_DIRENT_H 1
| #define STDC_HEADERS 1
| #define HAVE_SYS_TYPES_H 1
| #define HAVE_SYS_STAT_H 1
| #define HAVE_STDLIB_H 1
| #define HAVE_STRING_H 1
| #define HAVE_MEMORY_H 1
| #define HAVE_STRINGS_H 1
| #define HAVE_INTTYPES_H 1
| #define HAVE_STDINT_H 1
| #define HAVE_UNISTD_H 1
| #define HAVE_ARPA_INET_H 1
| #define HAVE_FCNTL_H 1
| #define HAVE_NETDB_H 1
| #define HAVE_STDINT_H 1
| #define HAVE_STDLIB_H 1
| #define HAVE_STRING_H 1
| #define HAVE_SYS_IOCTL_H 1
| #define HAVE_SYS_SOCKET_H 1
| #define HAVE_SYS_TIME_H 1
| #define HAVE_UNISTD_H 1
| #define HAVE_PTHREAD_H 1
| #define HAVE_PTHREAD_BARRIERS 1
| #define HAVE_SYS_SHM_H 1
| /* end confdefs.h.  */
| 
| /* Override any GCC internal prototype to avoid an error.
|    Use char because int might match the return type of a GCC
|    builtin and then its argument prototype would still apply.  */
| #ifdef __cplusplus
| extern "C"
| #endif
| char shm_open ();
| int
| main ()
| {
| return shm_open ();
|   ;
|   return 0;
| }
configure:5188: gcc -o conftest -g -O2   conftest.c -lrt  -lpthread  >&5
configure:5188: $? = 0
configure:5205: result: -lrt
configure:5216: checking for stdbool.h that conforms to C99
configure:5283: gcc -c -g -O2  conftest.c >&5
configure:5283: $? = 0
configure:5290: result: yes
configure:5292: checking for _Bool
configure:5292: gcc -c -g -O2  conftest.c >&5
configure:5292: $? = 0
configure:5292: gcc -c -g -O2  conftest.c >&5
conftest.c: In function 'main':
conftest.c:74:20: error: expected expression before ')' token
   74 | if (sizeof ((_Bool)))
      |                    ^
configure:5292: $? = 1
configure: failed program was:
| /* confdefs.h */
| #define PACKAGE_NAME "stressapptest"
| #define PACKAGE_TARNAME "stressapptest"
| #define PACKAGE_VERSION "1.0.9_autoconf"
| #define PACKAGE_STRING "stressapptest 1.0.9_autoconf"
| #define PACKAGE_BUGREPORT "opensource@google.com"
| #define PACKAGE_URL ""
| #define STRESSAPPTEST_CPU_X86_64 /**/
| #define STRESSAPPTEST_OS_LINUX /**/
| #define PACKAGE "stressapptest"
| #define VERSION "1.0.9_autoconf"
| #define STRESSAPPTEST_TIMESTAMP "zsy @ pudu on Tue Jan 25 15:32:46 CST 2022"
| #define HAVE_DIRENT_H 1
| #define STDC_HEADERS 1
| #define HAVE_SYS_TYPES_H 1
| #define HAVE_SYS_STAT_H 1
| #define HAVE_STDLIB_H 1
| #define HAVE_STRING_H 1
| #define HAVE_MEMORY_H 1
| #define HAVE_STRINGS_H 1
| #define HAVE_INTTYPES_H 1
| #define HAVE_STDINT_H 1
| #define HAVE_UNISTD_H 1
| #define HAVE_ARPA_INET_H 1
| #define HAVE_FCNTL_H 1
| #define HAVE_NETDB_H 1
| #define HAVE_STDINT_H 1
| #define HAVE_STDLIB_H 1
| #define HAVE_STRING_H 1
| #define HAVE_SYS_IOCTL_H 1
| #define HAVE_SYS_SOCKET_H 1
| #define HAVE_SYS_TIME_H 1
| #define HAVE_UNISTD_H 1
| #define HAVE_PTHREAD_H 1
| #define HAVE_PTHREAD_BARRIERS 1
| #define HAVE_SYS_SHM_H 1
| /* end confdefs.h.  */
| #include <stdio.h>
| #ifdef HAVE_SYS_TYPES_H
| # include <sys/types.h>
| #endif
| #ifdef HAVE_SYS_STAT_H
| # include <sys/stat.h>
| #endif
| #ifdef STDC_HEADERS
| # include <stdlib.h>
| # include <stddef.h>
| #else
| # ifdef HAVE_STDLIB_H
| #  include <stdlib.h>
| # endif
| #endif
| #ifdef HAVE_STRING_H
| # if !defined STDC_HEADERS && defined HAVE_MEMORY_H
| #  include <memory.h>
| # endif
| # include <string.h>
| #endif
| #ifdef HAVE_STRINGS_H
| # include <strings.h>
| #endif
| #ifdef HAVE_INTTYPES_H
| # include <inttypes.h>
| #endif
| #ifdef HAVE_STDINT_H
| # include <stdint.h>
| #endif
| #ifdef HAVE_UNISTD_H
| # include <unistd.h>
| #endif
| int
| main ()
| {
| if (sizeof ((_Bool)))
| 	    return 0;
|   ;
|   return 0;
| }
configure:5292: result: yes
configure:5309: checking for an ANSI C-conforming const
configure:5375: gcc -c -g -O2  conftest.c >&5
configure:5375: $? = 0
configure:5382: result: yes
configure:5390: checking for inline
configure:5406: gcc -c -g -O2  conftest.c >&5
configure:5406: $? = 0
configure:5414: result: inline
configure:5432: checking for pid_t
configure:5432: gcc -c -g -O2  conftest.c >&5
configure:5432: $? = 0
configure:5432: gcc -c -g -O2  conftest.c >&5
conftest.c: In function 'main':
conftest.c:76:20: error: expected expression before ')' token
   76 | if (sizeof ((pid_t)))
      |                    ^
configure:5432: $? = 1
configure: failed program was:
| /* confdefs.h */
| #define PACKAGE_NAME "stressapptest"
| #define PACKAGE_TARNAME "stressapptest"
| #define PACKAGE_VERSION "1.0.9_autoconf"
| #define PACKAGE_STRING "stressapptest 1.0.9_autoconf"
| #define PACKAGE_BUGREPORT "opensource@google.com"
| #define PACKAGE_URL ""
| #define STRESSAPPTEST_CPU_X86_64 /**/
| #define STRESSAPPTEST_OS_LINUX /**/
| #define PACKAGE "stressapptest"
| #define VERSION "1.0.9_autoconf"
| #define STRESSAPPTEST_TIMESTAMP "zsy @ pudu on Tue Jan 25 15:32:46 CST 2022"
| #define HAVE_DIRENT_H 1
| #define STDC_HEADERS 1
| #define HAVE_SYS_TYPES_H 1
| #define HAVE_SYS_STAT_H 1
| #define HAVE_STDLIB_H 1
| #define HAVE_STRING_H 1
| #define HAVE_MEMORY_H 1
| #define HAVE_STRINGS_H 1
| #define HAVE_INTTYPES_H 1
| #define HAVE_STDINT_H 1
| #define HAVE_UNISTD_H 1
| #define HAVE_ARPA_INET_H 1
| #define HAVE_FCNTL_H 1
| #define HAVE_NETDB_H 1
| #define HAVE_STDINT_H 1
| #define HAVE_STDLIB_H 1
| #define HAVE_STRING_H 1
| #define HAVE_SYS_IOCTL_H 1
| #define HAVE_SYS_SOCKET_H 1
| #define HAVE_SYS_TIME_H 1
| #define HAVE_UNISTD_H 1
| #define HAVE_PTHREAD_H 1
| #define HAVE_PTHREAD_BARRIERS 1
| #define HAVE_SYS_SHM_H 1
| #define HAVE__BOOL 1
| #define HAVE_STDBOOL_H 1
| /* end confdefs.h.  */
| #include <stdio.h>
| #ifdef HAVE_SYS_TYPES_H
| # include <sys/types.h>
| #endif
| #ifdef HAVE_SYS_STAT_H
| # include <sys/stat.h>
| #endif
| #ifdef STDC_HEADERS
| # include <stdlib.h>
| # include <stddef.h>
| #else
| # ifdef HAVE_STDLIB_H
| #  include <stdlib.h>
| # endif
| #endif
| #ifdef HAVE_STRING_H
| # if !defined STDC_HEADERS && defined HAVE_MEMORY_H
| #  include <memory.h>
| # endif
| # include <string.h>
| #endif
| #ifdef HAVE_STRINGS_H
| # include <strings.h>
| #endif
| #ifdef HAVE_INTTYPES_H
| # include <inttypes.h>
| #endif
| #ifdef HAVE_STDINT_H
| # include <stdint.h>
| #endif
| #ifdef HAVE_UNISTD_H
| # include <unistd.h>
| #endif
| int
| main ()
| {
| if (sizeof ((pid_t)))
| 	    return 0;
|   ;
|   return 0;
| }
configure:5432: result: yes
configure:5443: checking for C/C++ restrict keyword
configure:5468: gcc -c -g -O2  conftest.c >&5
configure:5468: $? = 0
configure:5476: result: __restrict
configure:5489: checking for size_t
configure:5489: gcc -c -g -O2  conftest.c >&5
configure:5489: $? = 0
configure:5489: gcc -c -g -O2  conftest.c >&5
conftest.c: In function 'main':
conftest.c:77:21: error: expected expression before ')' token
   77 | if (sizeof ((size_t)))
      |                     ^
configure:5489: $? = 1
configure: failed program was:
| /* confdefs.h */
| #define PACKAGE_NAME "stressapptest"
| #define PACKAGE_TARNAME "stressapptest"
| #define PACKAGE_VERSION "1.0.9_autoconf"
| #define PACKAGE_STRING "stressapptest 1.0.9_autoconf"
| #define PACKAGE_BUGREPORT "opensource@google.com"
| #define PACKAGE_URL ""
| #define STRESSAPPTEST_CPU_X86_64 /**/
| #define STRESSAPPTEST_OS_LINUX /**/
| #define PACKAGE "stressapptest"
| #define VERSION "1.0.9_autoconf"
| #define STRESSAPPTEST_TIMESTAMP "zsy @ pudu on Tue Jan 25 15:32:46 CST 2022"
| #define HAVE_DIRENT_H 1
| #define STDC_HEADERS 1
| #define HAVE_SYS_TYPES_H 1
| #define HAVE_SYS_STAT_H 1
| #define HAVE_STDLIB_H 1
| #define HAVE_STRING_H 1
| #define HAVE_MEMORY_H 1
| #define HAVE_STRINGS_H 1
| #define HAVE_INTTYPES_H 1
| #define HAVE_STDINT_H 1
| #define HAVE_UNISTD_H 1
| #define HAVE_ARPA_INET_H 1
| #define HAVE_FCNTL_H 1
| #define HAVE_NETDB_H 1
| #define HAVE_STDINT_H 1
| #define HAVE_STDLIB_H 1
| #define HAVE_STRING_H 1
| #define HAVE_SYS_IOCTL_H 1
| #define HAVE_SYS_SOCKET_H 1
| #define HAVE_SYS_TIME_H 1
| #define HAVE_UNISTD_H 1
| #define HAVE_PTHREAD_H 1
| #define HAVE_PTHREAD_BARRIERS 1
| #define HAVE_SYS_SHM_H 1
| #define HAVE__BOOL 1
| #define HAVE_STDBOOL_H 1
| #define restrict __restrict
| /* end confdefs.h.  */
| #include <stdio.h>
| #ifdef HAVE_SYS_TYPES_H
| # include <sys/types.h>
| #endif
| #ifdef HAVE_SYS_STAT_H
| # include <sys/stat.h>
| #endif
| #ifdef STDC_HEADERS
| # include <stdlib.h>
| # include <stddef.h>
| #else
| # ifdef HAVE_STDLIB_H
| #  include <stdlib.h>
| # endif
| #endif
| #ifdef HAVE_STRING_H
| # if !defined STDC_HEADERS && defined HAVE_MEMORY_H
| #  include <memory.h>
| # endif
| # include <string.h>
| #endif
| #ifdef HAVE_STRINGS_H
| # include <strings.h>
| #endif
| #ifdef HAVE_INTTYPES_H
| # include <inttypes.h>
| #endif
| #ifdef HAVE_STDINT_H
| # include <stdint.h>
| #endif
| #ifdef HAVE_UNISTD_H
| # include <unistd.h>
| #endif
| int
| main ()
| {
| if (sizeof ((size_t)))
| 	    return 0;
|   ;
|   return 0;
| }
configure:5489: result: yes
configure:5500: checking for ssize_t
configure:5500: gcc -c -g -O2  conftest.c >&5
configure:5500: $? = 0
configure:5500: gcc -c -g -O2  conftest.c >&5
conftest.c: In function 'main':
conftest.c:77:22: error: expected expression before ')' token
   77 | if (sizeof ((ssize_t)))
      |                      ^
configure:5500: $? = 1
configure: failed program was:
| /* confdefs.h */
| #define PACKAGE_NAME "stressapptest"
| #define PACKAGE_TARNAME "stressapptest"
| #define PACKAGE_VERSION "1.0.9_autoconf"
| #define PACKAGE_STRING "stressapptest 1.0.9_autoconf"
| #define PACKAGE_BUGREPORT "opensource@google.com"
| #define PACKAGE_URL ""
| #define STRESSAPPTEST_CPU_X86_64 /**/
| #define STRESSAPPTEST_OS_LINUX /**/
| #define PACKAGE "stressapptest"
| #define VERSION "1.0.9_autoconf"
| #define STRESSAPPTEST_TIMESTAMP "zsy @ pudu on Tue Jan 25 15:32:46 CST 2022"
| #define HAVE_DIRENT_H 1
| #define STDC_HEADERS 1
| #define HAVE_SYS_TYPES_H 1
| #define HAVE_SYS_STAT_H 1
| #define HAVE_STDLIB_H 1
| #define HAVE_STRING_H 1
| #define HAVE_MEMORY_H 1
| #define HAVE_STRINGS_H 1
| #define HAVE_INTTYPES_H 1
| #define HAVE_STDINT_H 1
| #define HAVE_UNISTD_H 1
| #define HAVE_ARPA_INET_H 1
| #define HAVE_FCNTL_H 1
| #define HAVE_NETDB_H 1
| #define HAVE_STDINT_H 1
| #define HAVE_STDLIB_H 1
| #define HAVE_STRING_H 1
| #define HAVE_SYS_IOCTL_H 1
| #define HAVE_SYS_SOCKET_H 1
| #define HAVE_SYS_TIME_H 1
| #define HAVE_UNISTD_H 1
| #define HAVE_PTHREAD_H 1
| #define HAVE_PTHREAD_BARRIERS 1
| #define HAVE_SYS_SHM_H 1
| #define HAVE__BOOL 1
| #define HAVE_STDBOOL_H 1
| #define restrict __restrict
| /* end confdefs.h.  */
| #include <stdio.h>
| #ifdef HAVE_SYS_TYPES_H
| # include <sys/types.h>
| #endif
| #ifdef HAVE_SYS_STAT_H
| # include <sys/stat.h>
| #endif
| #ifdef STDC_HEADERS
| # include <stdlib.h>
| # include <stddef.h>
| #else
| # ifdef HAVE_STDLIB_H
| #  include <stdlib.h>
| # endif
| #endif
| #ifdef HAVE_STRING_H
| # if !defined STDC_HEADERS && defined HAVE_MEMORY_H
| #  include <memory.h>
| # endif
| # include <string.h>
| #endif
| #ifdef HAVE_STRINGS_H
| # include <strings.h>
| #endif
| #ifdef HAVE_INTTYPES_H
| # include <inttypes.h>
| #endif
| #ifdef HAVE_STDINT_H
| # include <stdint.h>
| #endif
| #ifdef HAVE_UNISTD_H
| # include <unistd.h>
| #endif
| int
| main ()
| {
| if (sizeof ((ssize_t)))
| 	    return 0;
|   ;
|   return 0;
| }
configure:5500: result: yes
configure:5511: checking whether time.h and sys/time.h may both be included
configure:5531: gcc -c -g -O2  conftest.c >&5
configure:5531: $? = 0
configure:5538: result: yes
configure:5546: checking for uint16_t
configure:5546: gcc -c -g -O2  conftest.c >&5
configure:5546: $? = 0
configure:5546: result: yes
configure:5558: checking for working volatile
configure:5577: gcc -c -g -O2  conftest.c >&5
configure:5577: $? = 0
configure:5584: result: yes
configure:5595: checking whether closedir returns void
configure:5619: gcc -o conftest -g -O2   conftest.c -lrt -lpthread  >&5
configure:5619: $? = 0
configure:5619: ./conftest
configure:5619: $? = 0
configure:5629: result: no
configure:5638: checking whether gcc needs -traditional
configure:5672: result: no
configure:5682: checking sys/select.h usability
configure:5682: gcc -c -g -O2  conftest.c >&5
configure:5682: $? = 0
configure:5682: result: yes
configure:5682: checking sys/select.h presence
configure:5682: gcc -E  conftest.c
configure:5682: $? = 0
configure:5682: result: yes
configure:5682: checking for sys/select.h
configure:5682: result: yes
configure:5682: checking for sys/socket.h
configure:5682: result: yes
configure:5692: checking types of arguments for select
configure:5720: gcc -c -g -O2  conftest.c >&5
configure:5720: $? = 0
configure:5731: result: int,fd_set *,struct timeval *
configure:5754: checking return type of signal handlers
configure:5772: gcc -c -g -O2  conftest.c >&5
conftest.c: In function 'main':
conftest.c:53:10: error: void value not ignored as it ought to be
   53 | return *(signal (0, 0)) (0) == 1;
      |         ~^~~~~~~~~~~~~~~~~~
configure:5772: $? = 1
configure: failed program was:
| /* confdefs.h */
| #define PACKAGE_NAME "stressapptest"
| #define PACKAGE_TARNAME "stressapptest"
| #define PACKAGE_VERSION "1.0.9_autoconf"
| #define PACKAGE_STRING "stressapptest 1.0.9_autoconf"
| #define PACKAGE_BUGREPORT "opensource@google.com"
| #define PACKAGE_URL ""
| #define STRESSAPPTEST_CPU_X86_64 /**/
| #define STRESSAPPTEST_OS_LINUX /**/
| #define PACKAGE "stressapptest"
| #define VERSION "1.0.9_autoconf"
| #define STRESSAPPTEST_TIMESTAMP "zsy @ pudu on Tue Jan 25 15:32:46 CST 2022"
| #define HAVE_DIRENT_H 1
| #define STDC_HEADERS 1
| #define HAVE_SYS_TYPES_H 1
| #define HAVE_SYS_STAT_H 1
| #define HAVE_STDLIB_H 1
| #define HAVE_STRING_H 1
| #define HAVE_MEMORY_H 1
| #define HAVE_STRINGS_H 1
| #define HAVE_INTTYPES_H 1
| #define HAVE_STDINT_H 1
| #define HAVE_UNISTD_H 1
| #define HAVE_ARPA_INET_H 1
| #define HAVE_FCNTL_H 1
| #define HAVE_NETDB_H 1
| #define HAVE_STDINT_H 1
| #define HAVE_STDLIB_H 1
| #define HAVE_STRING_H 1
| #define HAVE_SYS_IOCTL_H 1
| #define HAVE_SYS_SOCKET_H 1
| #define HAVE_SYS_TIME_H 1
| #define HAVE_UNISTD_H 1
| #define HAVE_PTHREAD_H 1
| #define HAVE_PTHREAD_BARRIERS 1
| #define HAVE_SYS_SHM_H 1
| #define HAVE__BOOL 1
| #define HAVE_STDBOOL_H 1
| #define restrict __restrict
| #define TIME_WITH_SYS_TIME 1
| #define HAVE_SYS_SELECT_H 1
| #define HAVE_SYS_SOCKET_H 1
| #define SELECT_TYPE_ARG1 int
| #define SELECT_TYPE_ARG234 (fd_set *)
| #define SELECT_TYPE_ARG5 (struct timeval *)
| /* end confdefs.h.  */
| #include <sys/types.h>
| #include <signal.h>
| 
| int
| main ()
| {
| return *(signal (0, 0)) (0) == 1;
|   ;
|   return 0;
| }
configure:5779: result: void
configure:5787: checking whether strerror_r is declared
configure:5787: gcc -c -g -O2  conftest.c >&5
configure:5787: $? = 0
configure:5787: result: yes
configure:5800: checking for strerror_r
configure:5800: gcc -o conftest -g -O2   conftest.c -lrt -lpthread  >&5
configure:5800: $? = 0
configure:5800: result: yes
configure:5809: checking whether strerror_r returns char *
configure:5833: gcc -c -g -O2  conftest.c >&5
conftest.c: In function 'main':
conftest.c:88:13: error: invalid type argument of unary '*' (have 'int')
   88 |    char x = *strerror_r (0, buf, sizeof buf);
      |             ^~~~~~~~~~~~~~~~~~~~~~~~~~~~~~~~
conftest.c:89:14: warning: initialization of 'char *' from 'int' makes pointer from integer without a cast [-Wint-conversion]
   89 |    char *p = strerror_r (0, buf, sizeof buf);
      |              ^~~~~~~~~~
configure:5833: $? = 1
configure: failed program was:
| /* confdefs.h */
| #define PACKAGE_NAME "stressapptest"
| #define PACKAGE_TARNAME "stressapptest"
| #define PACKAGE_VERSION "1.0.9_autoconf"
| #define PACKAGE_STRING "stressapptest 1.0.9_autoconf"
| #define PACKAGE_BUGREPORT "opensource@google.com"
| #define PACKAGE_URL ""
| #define STRESSAPPTEST_CPU_X86_64 /**/
| #define STRESSAPPTEST_OS_LINUX /**/
| #define PACKAGE "stressapptest"
| #define VERSION "1.0.9_autoconf"
| #define STRESSAPPTEST_TIMESTAMP "zsy @ pudu on Tue Jan 25 15:32:46 CST 2022"
| #define HAVE_DIRENT_H 1
| #define STDC_HEADERS 1
| #define HAVE_SYS_TYPES_H 1
| #define HAVE_SYS_STAT_H 1
| #define HAVE_STDLIB_H 1
| #define HAVE_STRING_H 1
| #define HAVE_MEMORY_H 1
| #define HAVE_STRINGS_H 1
| #define HAVE_INTTYPES_H 1
| #define HAVE_STDINT_H 1
| #define HAVE_UNISTD_H 1
| #define HAVE_ARPA_INET_H 1
| #define HAVE_FCNTL_H 1
| #define HAVE_NETDB_H 1
| #define HAVE_STDINT_H 1
| #define HAVE_STDLIB_H 1
| #define HAVE_STRING_H 1
| #define HAVE_SYS_IOCTL_H 1
| #define HAVE_SYS_SOCKET_H 1
| #define HAVE_SYS_TIME_H 1
| #define HAVE_UNISTD_H 1
| #define HAVE_PTHREAD_H 1
| #define HAVE_PTHREAD_BARRIERS 1
| #define HAVE_SYS_SHM_H 1
| #define HAVE__BOOL 1
| #define HAVE_STDBOOL_H 1
| #define restrict __restrict
| #define TIME_WITH_SYS_TIME 1
| #define HAVE_SYS_SELECT_H 1
| #define HAVE_SYS_SOCKET_H 1
| #define SELECT_TYPE_ARG1 int
| #define SELECT_TYPE_ARG234 (fd_set *)
| #define SELECT_TYPE_ARG5 (struct timeval *)
| #define RETSIGTYPE void
| #define HAVE_DECL_STRERROR_R 1
| #define HAVE_STRERROR_R 1
| /* end confdefs.h.  */
| #include <stdio.h>
| #ifdef HAVE_SYS_TYPES_H
| # include <sys/types.h>
| #endif
| #ifdef HAVE_SYS_STAT_H
| # include <sys/stat.h>
| #endif
| #ifdef STDC_HEADERS
| # include <stdlib.h>
| # include <stddef.h>
| #else
| # ifdef HAVE_STDLIB_H
| #  include <stdlib.h>
| # endif
| #endif
| #ifdef HAVE_STRING_H
| # if !defined STDC_HEADERS && defined HAVE_MEMORY_H
| #  include <memory.h>
| # endif
| # include <string.h>
| #endif
| #ifdef HAVE_STRINGS_H
| # include <strings.h>
| #endif
| #ifdef HAVE_INTTYPES_H
| # include <inttypes.h>
| #endif
| #ifdef HAVE_STDINT_H
| # include <stdint.h>
| #endif
| #ifdef HAVE_UNISTD_H
| # include <unistd.h>
| #endif
| int
| main ()
| {
| 
| 	  char buf[100];
| 	  char x = *strerror_r (0, buf, sizeof buf);
| 	  char *p = strerror_r (0, buf, sizeof buf);
| 	  return !p || x;
| 
|   ;
|   return 0;
| }
configure:5871: result: no
configure:5881: checking for vprintf
configure:5881: gcc -o conftest -g -O2   conftest.c -lrt -lpthread  >&5
conftest.c:73:6: warning: conflicting types for built-in function 'vprintf'; expected 'int(const char *, __va_list_tag *)' [-Wbuiltin-declaration-mismatch]
   73 | char vprintf ();
      |      ^~~~~~~
conftest.c:61:1: note: 'vprintf' is declared in header '<stdio.h>'
   60 | # include <limits.h>
   61 | #else
configure:5881: $? = 0
configure:5881: result: yes
configure:5887: checking for _doprnt
configure:5887: gcc -o conftest -g -O2   conftest.c -lrt -lpthread  >&5
/usr/bin/ld: /tmp/cc76KbA4.o: in function `main':
/home/zsy/zsy/tool/stressapptest/conftest.c:85: undefined reference to `_doprnt'
collect2: error: ld returned 1 exit status
configure:5887: $? = 1
configure: failed program was:
| /* confdefs.h */
| #define PACKAGE_NAME "stressapptest"
| #define PACKAGE_TARNAME "stressapptest"
| #define PACKAGE_VERSION "1.0.9_autoconf"
| #define PACKAGE_STRING "stressapptest 1.0.9_autoconf"
| #define PACKAGE_BUGREPORT "opensource@google.com"
| #define PACKAGE_URL ""
| #define STRESSAPPTEST_CPU_X86_64 /**/
| #define STRESSAPPTEST_OS_LINUX /**/
| #define PACKAGE "stressapptest"
| #define VERSION "1.0.9_autoconf"
| #define STRESSAPPTEST_TIMESTAMP "zsy @ pudu on Tue Jan 25 15:32:46 CST 2022"
| #define HAVE_DIRENT_H 1
| #define STDC_HEADERS 1
| #define HAVE_SYS_TYPES_H 1
| #define HAVE_SYS_STAT_H 1
| #define HAVE_STDLIB_H 1
| #define HAVE_STRING_H 1
| #define HAVE_MEMORY_H 1
| #define HAVE_STRINGS_H 1
| #define HAVE_INTTYPES_H 1
| #define HAVE_STDINT_H 1
| #define HAVE_UNISTD_H 1
| #define HAVE_ARPA_INET_H 1
| #define HAVE_FCNTL_H 1
| #define HAVE_NETDB_H 1
| #define HAVE_STDINT_H 1
| #define HAVE_STDLIB_H 1
| #define HAVE_STRING_H 1
| #define HAVE_SYS_IOCTL_H 1
| #define HAVE_SYS_SOCKET_H 1
| #define HAVE_SYS_TIME_H 1
| #define HAVE_UNISTD_H 1
| #define HAVE_PTHREAD_H 1
| #define HAVE_PTHREAD_BARRIERS 1
| #define HAVE_SYS_SHM_H 1
| #define HAVE__BOOL 1
| #define HAVE_STDBOOL_H 1
| #define restrict __restrict
| #define TIME_WITH_SYS_TIME 1
| #define HAVE_SYS_SELECT_H 1
| #define HAVE_SYS_SOCKET_H 1
| #define SELECT_TYPE_ARG1 int
| #define SELECT_TYPE_ARG234 (fd_set *)
| #define SELECT_TYPE_ARG5 (struct timeval *)
| #define RETSIGTYPE void
| #define HAVE_DECL_STRERROR_R 1
| #define HAVE_STRERROR_R 1
| #define HAVE_VPRINTF 1
| /* end confdefs.h.  */
| /* Define _doprnt to an innocuous variant, in case <limits.h> declares _doprnt.
|    For example, HP-UX 11i <limits.h> declares gettimeofday.  */
| #define _doprnt innocuous__doprnt
| 
| /* System header to define __stub macros and hopefully few prototypes,
|     which can conflict with char _doprnt (); below.
|     Prefer <limits.h> to <assert.h> if __STDC__ is defined, since
|     <limits.h> exists even on freestanding compilers.  */
| 
| #ifdef __STDC__
| # include <limits.h>
| #else
| # include <assert.h>
| #endif
| 
| #undef _doprnt
| 
| /* Override any GCC internal prototype to avoid an error.
|    Use char because int might match the return type of a GCC
|    builtin and then its argument prototype would still apply.  */
| #ifdef __cplusplus
| extern "C"
| #endif
| char _doprnt ();
| /* The GNU C library defines this for functions which it implements
|     to always fail with ENOSYS.  Some functions are actually named
|     something starting with __ and the normal name is an alias.  */
| #if defined __stub__doprnt || defined __stub____doprnt
| choke me
| #endif
| 
| int
| main ()
| {
| return _doprnt ();
|   ;
|   return 0;
| }
configure:5887: result: no
configure:5901: checking for ftruncate
configure:5901: gcc -o conftest -g -O2   conftest.c -lrt -lpthread  >&5
configure:5901: $? = 0
configure:5901: result: yes
configure:5901: checking for gettimeofday
configure:5901: gcc -o conftest -g -O2   conftest.c -lrt -lpthread  >&5
configure:5901: $? = 0
configure:5901: result: yes
configure:5901: checking for memset
configure:5901: gcc -o conftest -g -O2   conftest.c -lrt -lpthread  >&5
conftest.c:76:6: warning: conflicting types for built-in function 'memset'; expected 'void *(void *, int,  long unsigned int)' [-Wbuiltin-declaration-mismatch]
   76 | char memset ();
      |      ^~~~~~
conftest.c:64:1: note: 'memset' is declared in header '<string.h>'
   63 | # include <limits.h>
   64 | #else
configure:5901: $? = 0
configure:5901: result: yes
configure:5901: checking for munmap
configure:5901: gcc -o conftest -g -O2   conftest.c -lrt -lpthread  >&5
configure:5901: $? = 0
configure:5901: result: yes
configure:5901: checking for select
configure:5901: gcc -o conftest -g -O2   conftest.c -lrt -lpthread  >&5
configure:5901: $? = 0
configure:5901: result: yes
configure:5901: checking for socket
configure:5901: gcc -o conftest -g -O2   conftest.c -lrt -lpthread  >&5
configure:5901: $? = 0
configure:5901: result: yes
configure:5901: checking for strtol
configure:5901: gcc -o conftest -g -O2   conftest.c -lrt -lpthread  >&5
configure:5901: $? = 0
configure:5901: result: yes
configure:5901: checking for strtoull
configure:5901: gcc -o conftest -g -O2   conftest.c -lrt -lpthread  >&5
configure:5901: $? = 0
configure:5901: result: yes
configure:5913: checking for mmap64
configure:5913: gcc -o conftest -g -O2   conftest.c -lrt -lpthread  >&5
configure:5913: $? = 0
configure:5913: result: yes
configure:5913: checking for posix_memalign
configure:5913: gcc -o conftest -g -O2   conftest.c -lrt -lpthread  >&5
conftest.c:83:6: warning: conflicting types for built-in function 'posix_memalign'; expected 'int(void **, long unsigned int,  long unsigned int)' [-Wbuiltin-declaration-mismatch]
   83 | char posix_memalign ();
      |      ^~~~~~~~~~~~~~
configure:5913: $? = 0
configure:5913: result: yes
configure:5913: checking for rand_r
configure:5913: gcc -o conftest -g -O2   conftest.c -lrt -lpthread  >&5
configure:5913: $? = 0
configure:5913: result: yes
configure:5913: checking for sched_getaffinity
configure:5913: gcc -o conftest -g -O2   conftest.c -lrt -lpthread  >&5
configure:5913: $? = 0
configure:5913: result: yes
configure:6051: creating ./config.status

## ---------------------- ##
## Running config.status. ##
## ---------------------- ##

This file was extended by stressapptest config.status 1.0.9_autoconf, which was
generated by GNU Autoconf 2.69.  Invocation command line was

  CONFIG_FILES    = 
  CONFIG_HEADERS  = 
  CONFIG_LINKS    = 
  CONFIG_COMMANDS = 
  $ ./config.status 

on pudu

config.status:901: creating Makefile
config.status:901: creating src/Makefile
config.status:901: creating src/stressapptest_config.h
config.status:1130: executing depfiles commands

## ---------------- ##
## Cache variables. ##
## ---------------- ##

ac_cv_build=x86_64-pc-linux-gnu
ac_cv_c_compiler_gnu=yes
ac_cv_c_const=yes
ac_cv_c_inline=inline
ac_cv_c_restrict=__restrict
ac_cv_c_uint16_t=yes
ac_cv_c_volatile=yes
ac_cv_cxx_compiler_gnu=yes
ac_cv_env_CCC_set=
ac_cv_env_CCC_value=
ac_cv_env_CC_set=
ac_cv_env_CC_value=
ac_cv_env_CFLAGS_set=
ac_cv_env_CFLAGS_value=
ac_cv_env_CPPFLAGS_set=
ac_cv_env_CPPFLAGS_value=
ac_cv_env_CPP_set=
ac_cv_env_CPP_value=
ac_cv_env_CXXFLAGS_set=
ac_cv_env_CXXFLAGS_value=
ac_cv_env_CXX_set=
ac_cv_env_CXX_value=
ac_cv_env_LDFLAGS_set=
ac_cv_env_LDFLAGS_value=
ac_cv_env_LIBS_set=
ac_cv_env_LIBS_value=
ac_cv_env_build_alias_set=
ac_cv_env_build_alias_value=
ac_cv_env_host_alias_set=
ac_cv_env_host_alias_value=
ac_cv_env_target_alias_set=
ac_cv_env_target_alias_value=
ac_cv_func__doprnt=no
ac_cv_func_closedir_void=no
ac_cv_func_ftruncate=yes
ac_cv_func_gettimeofday=yes
ac_cv_func_memset=yes
ac_cv_func_mmap64=yes
ac_cv_func_munmap=yes
ac_cv_func_posix_memalign=yes
ac_cv_func_rand_r=yes
ac_cv_func_sched_getaffinity=yes
ac_cv_func_select=yes
ac_cv_func_select_args='int,fd_set *,struct timeval *'
ac_cv_func_socket=yes
ac_cv_func_strerror_r=yes
ac_cv_func_strerror_r_char_p=no
ac_cv_func_strtol=yes
ac_cv_func_strtoull=yes
ac_cv_func_vprintf=yes
ac_cv_have_decl_strerror_r=yes
ac_cv_header_arpa_inet_h=yes
ac_cv_header_dirent_dirent_h=yes
ac_cv_header_fcntl_h=yes
ac_cv_header_inttypes_h=yes
ac_cv_header_libaio_h=no
ac_cv_header_memory_h=yes
ac_cv_header_netdb_h=yes
ac_cv_header_pthread_h=yes
ac_cv_header_stdbool_h=yes
ac_cv_header_stdc=yes
ac_cv_header_stdint_h=yes
ac_cv_header_stdlib_h=yes
ac_cv_header_string_h=yes
ac_cv_header_strings_h=yes
ac_cv_header_sys_ioctl_h=yes
ac_cv_header_sys_select_h=yes
ac_cv_header_sys_shm_h=yes
ac_cv_header_sys_socket_h=yes
ac_cv_header_sys_stat_h=yes
ac_cv_header_sys_time_h=yes
ac_cv_header_sys_types_h=yes
ac_cv_header_time=yes
ac_cv_header_unistd_h=yes
ac_cv_host=x86_64-pc-linux-gnu
ac_cv_objext=o
ac_cv_path_EGREP='/usr/bin/grep -E'
ac_cv_path_GREP=/usr/bin/grep
ac_cv_path_install='/usr/bin/install -c'
ac_cv_path_mkdir=/usr/bin/mkdir
ac_cv_prog_AWK=mawk
ac_cv_prog_CPP='gcc -E'
ac_cv_prog_ac_ct_CC=gcc
ac_cv_prog_ac_ct_CXX=g++
ac_cv_prog_cc_c89=
ac_cv_prog_cc_g=yes
ac_cv_prog_cxx_g=yes
ac_cv_prog_gcc_traditional=no
ac_cv_prog_make_make_set=yes
ac_cv_search_io_setup=no
ac_cv_search_opendir='none required'
ac_cv_search_pthread_create=-lpthread
ac_cv_search_shm_open=-lrt
ac_cv_type__Bool=yes
ac_cv_type_pid_t=yes
ac_cv_type_pthread_barrier_t=yes
ac_cv_type_signal=void
ac_cv_type_size_t=yes
ac_cv_type_ssize_t=yes
am_cv_CC_dependencies_compiler_type=gcc3
am_cv_CXX_dependencies_compiler_type=gcc3

## ----------------- ##
## Output variables. ##
## ----------------- ##

ACLOCAL='${SHELL} /home/zsy/zsy/tool/stressapptest/missing --run aclocal-1.11'
AMDEPBACKSLASH='\'
AMDEP_FALSE='#'
AMDEP_TRUE=''
AMTAR='${SHELL} /home/zsy/zsy/tool/stressapptest/missing --run tar'
AUTOCONF='${SHELL} /home/zsy/zsy/tool/stressapptest/missing --run autoconf'
AUTOHEADER='${SHELL} /home/zsy/zsy/tool/stressapptest/missing --run autoheader'
AUTOMAKE='${SHELL} /home/zsy/zsy/tool/stressapptest/missing --run automake-1.11'
AWK='mawk'
CC='gcc'
CCDEPMODE='depmode=gcc3'
CFLAGS='-g -O2'
CPP='gcc -E'
CPPFLAGS=''
CXX='g++'
CXXDEPMODE='depmode=gcc3'
CXXFLAGS=' -DCHECKOPTS -Wreturn-type -Wunused -Wuninitialized -Wall -O3 -funroll-all-loops  -funroll-loops -DNDEBUG'
CYGPATH_W='echo'
DEFS='-DHAVE_CONFIG_H'
DEPDIR='.deps'
ECHO_C=''
ECHO_N='-n'
ECHO_T=''
EGREP='/usr/bin/grep -E'
EXEEXT=''
GREP='/usr/bin/grep'
INSTALL_DATA='${INSTALL} -m 644'
INSTALL_PROGRAM='${INSTALL}'
INSTALL_SCRIPT='${INSTALL}'
INSTALL_STRIP_PROGRAM='$(install_sh) -c -s'
LDFLAGS=''
LIBOBJS=''
LIBS='-lrt -lpthread '
LTLIBOBJS=''
MAKEINFO='${SHELL} /home/zsy/zsy/tool/stressapptest/missing --run makeinfo'
MKDIR_P='/usr/bin/mkdir -p'
OBJEXT='o'
PACKAGE='stressapptest'
PACKAGE_BUGREPORT='opensource@google.com'
PACKAGE_NAME='stressapptest'
PACKAGE_STRING='stressapptest 1.0.9_autoconf'
PACKAGE_TARNAME='stressapptest'
PACKAGE_URL=''
PACKAGE_VERSION='1.0.9_autoconf'
PATH_SEPARATOR=':'
SET_MAKE=''
SHELL='/bin/bash'
STRIP=''
VERSION='1.0.9_autoconf'
ac_ct_CC='gcc'
ac_ct_CXX='g++'
am__EXEEXT_FALSE=''
am__EXEEXT_TRUE='#'
am__fastdepCC_FALSE='#'
am__fastdepCC_TRUE=''
am__fastdepCXX_FALSE='#'
am__fastdepCXX_TRUE=''
am__include='include'
am__isrc=''
am__leading_dot='.'
am__quote=''
am__tar='${AMTAR} chof - "$$tardir"'
am__untar='${AMTAR} xf -'
bindir='${exec_prefix}/bin'
build='x86_64-pc-linux-gnu'
build_alias=''
build_cpu='x86_64'
build_os='linux-gnu'
build_vendor='pc'
datadir='${datarootdir}'
datarootdir='${prefix}/share'
docdir='${datarootdir}/doc/${PACKAGE_TARNAME}'
dvidir='${docdir}'
exec_prefix='${prefix}'
host='x86_64-pc-linux-gnu'
host_alias=''
host_cpu='x86_64'
host_os='linux-gnu'
host_vendor='pc'
htmldir='${docdir}'
includedir='${prefix}/include'
infodir='${datarootdir}/info'
install_sh='${SHELL} /home/zsy/zsy/tool/stressapptest/install-sh'
libdir='${exec_prefix}/lib'
libexecdir='${exec_prefix}/libexec'
localedir='${datarootdir}/locale'
localstatedir='${prefix}/var'
mandir='${datarootdir}/man'
mkdir_p='/usr/bin/mkdir -p'
oldincludedir='/usr/include'
pdfdir='${docdir}'
prefix='/usr/local'
program_transform_name='s,x,x,'
psdir='${docdir}'
runstatedir='${localstatedir}/run'
sbindir='${exec_prefix}/sbin'
sharedstatedir='${prefix}/com'
sysconfdir='${prefix}/etc'
target_alias=''

## ----------- ##
## confdefs.h. ##
## ----------- ##

/* confdefs.h */
#define PACKAGE_NAME "stressapptest"
#define PACKAGE_TARNAME "stressapptest"
#define PACKAGE_VERSION "1.0.9_autoconf"
#define PACKAGE_STRING "stressapptest 1.0.9_autoconf"
#define PACKAGE_BUGREPORT "opensource@google.com"
#define PACKAGE_URL ""
#define STRESSAPPTEST_CPU_X86_64 /**/
#define STRESSAPPTEST_OS_LINUX /**/
#define PACKAGE "stressapptest"
#define VERSION "1.0.9_autoconf"
#define STRESSAPPTEST_TIMESTAMP "zsy @ pudu on Tue Jan 25 15:32:46 CST 2022"
#define HAVE_DIRENT_H 1
#define STDC_HEADERS 1
#define HAVE_SYS_TYPES_H 1
#define HAVE_SYS_STAT_H 1
#define HAVE_STDLIB_H 1
#define HAVE_STRING_H 1
#define HAVE_MEMORY_H 1
#define HAVE_STRINGS_H 1
#define HAVE_INTTYPES_H 1
#define HAVE_STDINT_H 1
#define HAVE_UNISTD_H 1
#define HAVE_ARPA_INET_H 1
#define HAVE_FCNTL_H 1
#define HAVE_NETDB_H 1
#define HAVE_STDINT_H 1
#define HAVE_STDLIB_H 1
#define HAVE_STRING_H 1
#define HAVE_SYS_IOCTL_H 1
#define HAVE_SYS_SOCKET_H 1
#define HAVE_SYS_TIME_H 1
#define HAVE_UNISTD_H 1
#define HAVE_PTHREAD_H 1
#define HAVE_PTHREAD_BARRIERS 1
#define HAVE_SYS_SHM_H 1
#define HAVE__BOOL 1
#define HAVE_STDBOOL_H 1
#define restrict __restrict
#define TIME_WITH_SYS_TIME 1
#define HAVE_SYS_SELECT_H 1
#define HAVE_SYS_SOCKET_H 1
#define SELECT_TYPE_ARG1 int
#define SELECT_TYPE_ARG234 (fd_set *)
#define SELECT_TYPE_ARG5 (struct timeval *)
#define RETSIGTYPE void
#define HAVE_DECL_STRERROR_R 1
#define HAVE_STRERROR_R 1
#define HAVE_VPRINTF 1
#define HAVE_FTRUNCATE 1
#define HAVE_GETTIMEOFDAY 1
#define HAVE_MEMSET 1
#define HAVE_MUNMAP 1
#define HAVE_SELECT 1
#define HAVE_SOCKET 1
#define HAVE_STRTOL 1
#define HAVE_STRTOULL 1
#define HAVE_MMAP64 1
#define HAVE_POSIX_MEMALIGN 1
#define HAVE_RAND_R 1
#define HAVE_SCHED_GETAFFINITY 1

configure: exit 0

## ---------------------- ##
## Running config.status. ##
## ---------------------- ##

This file was extended by stressapptest config.status 1.0.9_autoconf, which was
generated by GNU Autoconf 2.69.  Invocation command line was

  CONFIG_FILES    = 
  CONFIG_HEADERS  = 
  CONFIG_LINKS    = 
  CONFIG_COMMANDS = 
  $ ./config.status Makefile

on pudu

config.status:901: creating Makefile

## ---------------------- ##
## Running config.status. ##
## ---------------------- ##

This file was extended by stressapptest config.status 1.0.9_autoconf, which was
generated by GNU Autoconf 2.69.  Invocation command line was

  CONFIG_FILES    = 
  CONFIG_HEADERS  = 
  CONFIG_LINKS    = 
  CONFIG_COMMANDS = 
  $ ./config.status src/Makefile depfiles

on pudu

config.status:901: creating src/Makefile
config.status:1130: executing depfiles commands
